Compilation failed:
    source file: '/Users/runewind/Documents/GitHub/Master/object detection/opencv-3.4.15/cmake/checks/cxx11.cpp'
    check option: ''
===== BUILD LOG =====
Change Dir: /Users/runewind/Documents/GitHub/Master/object detection/build_opencv/CMakeFiles/CMakeTmp

Run Build Command(s):/usr/bin/make -f Makefile cmTC_7a8b8/fast && /Library/Developer/CommandLineTools/usr/bin/make  -f CMakeFiles/cmTC_7a8b8.dir/build.make CMakeFiles/cmTC_7a8b8.dir/build
Building CXX object CMakeFiles/cmTC_7a8b8.dir/cxx11.cpp.o
/Library/Developer/CommandLineTools/usr/bin/c++   -isysroot /Library/Developer/CommandLineTools/SDKs/MacOSX10.14.sdk -fPIE -MD -MT CMakeFiles/cmTC_7a8b8.dir/cxx11.cpp.o -MF CMakeFiles/cmTC_7a8b8.dir/cxx11.cpp.o.d -o CMakeFiles/cmTC_7a8b8.dir/cxx11.cpp.o -c "/Users/runewind/Documents/GitHub/Master/object detection/opencv-3.4.15/cmake/checks/cxx11.cpp"
/Users/runewind/Documents/GitHub/Master/object detection/opencv-3.4.15/cmake/checks/cxx11.cpp:4:2: error: "C++11 is not supported"
#error "C++11 is not supported"
 ^
/Users/runewind/Documents/GitHub/Master/object detection/opencv-3.4.15/cmake/checks/cxx11.cpp:11:5: warning: 'auto' type specifier is a C++11 extension [-Wc++11-extensions]
    auto res = test();
    ^
1 warning and 1 error generated.
make[1]: *** [CMakeFiles/cmTC_7a8b8.dir/cxx11.cpp.o] Error 1
make: *** [cmTC_7a8b8/fast] Error 2


===== END =====

Compilation failed:
    source file: '/Users/runewind/Documents/GitHub/Master/object detection/opencv-3.4.15/cmake/checks/cpu_popcnt.cpp'
    check option: ''
===== BUILD LOG =====
Change Dir: /Users/runewind/Documents/GitHub/Master/object detection/build_opencv/CMakeFiles/CMakeTmp

Run Build Command(s):/usr/bin/make -f Makefile cmTC_95548/fast && /Library/Developer/CommandLineTools/usr/bin/make  -f CMakeFiles/cmTC_95548.dir/build.make CMakeFiles/cmTC_95548.dir/build
Building CXX object CMakeFiles/cmTC_95548.dir/cpu_popcnt.cpp.o
/Library/Developer/CommandLineTools/usr/bin/c++   -O3 -DNDEBUG -isysroot /Library/Developer/CommandLineTools/SDKs/MacOSX10.14.sdk -fPIE -MD -MT CMakeFiles/cmTC_95548.dir/cpu_popcnt.cpp.o -MF CMakeFiles/cmTC_95548.dir/cpu_popcnt.cpp.o.d -o CMakeFiles/cmTC_95548.dir/cpu_popcnt.cpp.o -c "/Users/runewind/Documents/GitHub/Master/object detection/opencv-3.4.15/cmake/checks/cpu_popcnt.cpp"
/Users/runewind/Documents/GitHub/Master/object detection/opencv-3.4.15/cmake/checks/cpu_popcnt.cpp:14:4: error: "__POPCNT__ is not defined by compiler"
#  error "__POPCNT__ is not defined by compiler"
   ^
/Users/runewind/Documents/GitHub/Master/object detection/opencv-3.4.15/cmake/checks/cpu_popcnt.cpp:22:13: error: use of undeclared identifier 'CV_POPCNT_U32'
    int j = CV_POPCNT_U32(1);
            ^
2 errors generated.
make[1]: *** [CMakeFiles/cmTC_95548.dir/cpu_popcnt.cpp.o] Error 1
make: *** [cmTC_95548/fast] Error 2


===== END =====

Compilation failed:
    source file: '/Users/runewind/Documents/GitHub/Master/object detection/opencv-3.4.15/cmake/checks/cpu_sse42.cpp'
    check option: ''
===== BUILD LOG =====
Change Dir: /Users/runewind/Documents/GitHub/Master/object detection/build_opencv/CMakeFiles/CMakeTmp

Run Build Command(s):/usr/bin/make -f Makefile cmTC_c8190/fast && /Library/Developer/CommandLineTools/usr/bin/make  -f CMakeFiles/cmTC_c8190.dir/build.make CMakeFiles/cmTC_c8190.dir/build
Building CXX object CMakeFiles/cmTC_c8190.dir/cpu_sse42.cpp.o
/Library/Developer/CommandLineTools/usr/bin/c++   -O3 -DNDEBUG -isysroot /Library/Developer/CommandLineTools/SDKs/MacOSX10.14.sdk -fPIE -MD -MT CMakeFiles/cmTC_c8190.dir/cpu_sse42.cpp.o -MF CMakeFiles/cmTC_c8190.dir/cpu_sse42.cpp.o.d -o CMakeFiles/cmTC_c8190.dir/cpu_sse42.cpp.o -c "/Users/runewind/Documents/GitHub/Master/object detection/opencv-3.4.15/cmake/checks/cpu_sse42.cpp"
/Users/runewind/Documents/GitHub/Master/object detection/opencv-3.4.15/cmake/checks/cpu_sse42.cpp:5:24: error: always_inline function '_mm_crc32_u8' requires target feature 'sse4.2', but would be inlined into function 'main' that is compiled without support for 'sse4.2'
    unsigned int res = _mm_crc32_u8(1, 2);
                       ^
1 error generated.
make[1]: *** [CMakeFiles/cmTC_c8190.dir/cpu_sse42.cpp.o] Error 1
make: *** [cmTC_c8190/fast] Error 2


===== END =====

Compilation failed:
    source file: '/Users/runewind/Documents/GitHub/Master/object detection/opencv-3.4.15/cmake/checks/cpu_fp16.cpp'
    check option: ''
===== BUILD LOG =====
Change Dir: /Users/runewind/Documents/GitHub/Master/object detection/build_opencv/CMakeFiles/CMakeTmp

Run Build Command(s):/usr/bin/make -f Makefile cmTC_e7ed8/fast && /Library/Developer/CommandLineTools/usr/bin/make  -f CMakeFiles/cmTC_e7ed8.dir/build.make CMakeFiles/cmTC_e7ed8.dir/build
Building CXX object CMakeFiles/cmTC_e7ed8.dir/cpu_fp16.cpp.o
/Library/Developer/CommandLineTools/usr/bin/c++   -O3 -DNDEBUG -isysroot /Library/Developer/CommandLineTools/SDKs/MacOSX10.14.sdk -fPIE -MD -MT CMakeFiles/cmTC_e7ed8.dir/cpu_fp16.cpp.o -MF CMakeFiles/cmTC_e7ed8.dir/cpu_fp16.cpp.o.d -o CMakeFiles/cmTC_e7ed8.dir/cpu_fp16.cpp.o -c "/Users/runewind/Documents/GitHub/Master/object detection/opencv-3.4.15/cmake/checks/cpu_fp16.cpp"
/Users/runewind/Documents/GitHub/Master/object detection/opencv-3.4.15/cmake/checks/cpu_fp16.cpp:26:2: error: "FP16 is not supported"
#error "FP16 is not supported"
 ^
/Users/runewind/Documents/GitHub/Master/object detection/opencv-3.4.15/cmake/checks/cpu_fp16.cpp:31:18: error: use of undeclared identifier 'test'
  printf("%d\n", test());
                 ^
2 errors generated.
make[1]: *** [CMakeFiles/cmTC_e7ed8.dir/cpu_fp16.cpp.o] Error 1
make: *** [cmTC_e7ed8/fast] Error 2


===== END =====

Compilation failed:
    source file: '/Users/runewind/Documents/GitHub/Master/object detection/opencv-3.4.15/cmake/checks/cpu_avx.cpp'
    check option: ''
===== BUILD LOG =====
Change Dir: /Users/runewind/Documents/GitHub/Master/object detection/build_opencv/CMakeFiles/CMakeTmp

Run Build Command(s):/usr/bin/make -f Makefile cmTC_5c0c6/fast && /Library/Developer/CommandLineTools/usr/bin/make  -f CMakeFiles/cmTC_5c0c6.dir/build.make CMakeFiles/cmTC_5c0c6.dir/build
Building CXX object CMakeFiles/cmTC_5c0c6.dir/cpu_avx.cpp.o
/Library/Developer/CommandLineTools/usr/bin/c++   -O3 -DNDEBUG -isysroot /Library/Developer/CommandLineTools/SDKs/MacOSX10.14.sdk -fPIE -MD -MT CMakeFiles/cmTC_5c0c6.dir/cpu_avx.cpp.o -MF CMakeFiles/cmTC_5c0c6.dir/cpu_avx.cpp.o.d -o CMakeFiles/cmTC_5c0c6.dir/cpu_avx.cpp.o -c "/Users/runewind/Documents/GitHub/Master/object detection/opencv-3.4.15/cmake/checks/cpu_avx.cpp"
/Users/runewind/Documents/GitHub/Master/object detection/opencv-3.4.15/cmake/checks/cpu_avx.cpp:2:2: error: "__AVX__ define is missing"
#error "__AVX__ define is missing"
 ^
1 error generated.
make[1]: *** [CMakeFiles/cmTC_5c0c6.dir/cpu_avx.cpp.o] Error 1
make: *** [cmTC_5c0c6/fast] Error 2


===== END =====

Compilation failed:
    source file: '/Users/runewind/Documents/GitHub/Master/object detection/opencv-3.4.15/cmake/checks/cpu_avx2.cpp'
    check option: ''
===== BUILD LOG =====
Change Dir: /Users/runewind/Documents/GitHub/Master/object detection/build_opencv/CMakeFiles/CMakeTmp

Run Build Command(s):/usr/bin/make -f Makefile cmTC_113e1/fast && /Library/Developer/CommandLineTools/usr/bin/make  -f CMakeFiles/cmTC_113e1.dir/build.make CMakeFiles/cmTC_113e1.dir/build
Building CXX object CMakeFiles/cmTC_113e1.dir/cpu_avx2.cpp.o
/Library/Developer/CommandLineTools/usr/bin/c++   -O3 -DNDEBUG -isysroot /Library/Developer/CommandLineTools/SDKs/MacOSX10.14.sdk -fPIE -MD -MT CMakeFiles/cmTC_113e1.dir/cpu_avx2.cpp.o -MF CMakeFiles/cmTC_113e1.dir/cpu_avx2.cpp.o.d -o CMakeFiles/cmTC_113e1.dir/cpu_avx2.cpp.o -c "/Users/runewind/Documents/GitHub/Master/object detection/opencv-3.4.15/cmake/checks/cpu_avx2.cpp"
/Users/runewind/Documents/GitHub/Master/object detection/opencv-3.4.15/cmake/checks/cpu_avx2.cpp:2:2: error: "__AVX2__ define is missing"
#error "__AVX2__ define is missing"
 ^
1 error generated.
make[1]: *** [CMakeFiles/cmTC_113e1.dir/cpu_avx2.cpp.o] Error 1
make: *** [cmTC_113e1/fast] Error 2


===== END =====

Compilation failed:
    source file: '/Users/runewind/Documents/GitHub/Master/object detection/opencv-3.4.15/cmake/checks/cpu_avx512.cpp'
    check option: ''
===== BUILD LOG =====
Change Dir: /Users/runewind/Documents/GitHub/Master/object detection/build_opencv/CMakeFiles/CMakeTmp

Run Build Command(s):/usr/bin/make -f Makefile cmTC_7e257/fast && /Library/Developer/CommandLineTools/usr/bin/make  -f CMakeFiles/cmTC_7e257.dir/build.make CMakeFiles/cmTC_7e257.dir/build
Building CXX object CMakeFiles/cmTC_7e257.dir/cpu_avx512.cpp.o
/Library/Developer/CommandLineTools/usr/bin/c++   -O3 -DNDEBUG -isysroot /Library/Developer/CommandLineTools/SDKs/MacOSX10.14.sdk -fPIE -MD -MT CMakeFiles/cmTC_7e257.dir/cpu_avx512.cpp.o -MF CMakeFiles/cmTC_7e257.dir/cpu_avx512.cpp.o.d -o CMakeFiles/cmTC_7e257.dir/cpu_avx512.cpp.o -c "/Users/runewind/Documents/GitHub/Master/object detection/opencv-3.4.15/cmake/checks/cpu_avx512.cpp"
/Users/runewind/Documents/GitHub/Master/object detection/opencv-3.4.15/cmake/checks/cpu_avx512.cpp:11:2: error: "AVX512 is not supported"
#error "AVX512 is not supported"
 ^
1 error generated.
make[1]: *** [CMakeFiles/cmTC_7e257.dir/cpu_avx512.cpp.o] Error 1
make: *** [cmTC_7e257/fast] Error 2


===== END =====

Compilation failed:
    source file: '/Users/runewind/Documents/GitHub/Master/object detection/opencv-3.4.15/cmake/checks/cpu_avx512common.cpp'
    check option: ''
===== BUILD LOG =====
Change Dir: /Users/runewind/Documents/GitHub/Master/object detection/build_opencv/CMakeFiles/CMakeTmp

Run Build Command(s):/usr/bin/make -f Makefile cmTC_aff81/fast && /Library/Developer/CommandLineTools/usr/bin/make  -f CMakeFiles/cmTC_aff81.dir/build.make CMakeFiles/cmTC_aff81.dir/build
Building CXX object CMakeFiles/cmTC_aff81.dir/cpu_avx512common.cpp.o
/Library/Developer/CommandLineTools/usr/bin/c++   -O3 -DNDEBUG -isysroot /Library/Developer/CommandLineTools/SDKs/MacOSX10.14.sdk -fPIE -MD -MT CMakeFiles/cmTC_aff81.dir/cpu_avx512common.cpp.o -MF CMakeFiles/cmTC_aff81.dir/cpu_avx512common.cpp.o.d -o CMakeFiles/cmTC_aff81.dir/cpu_avx512common.cpp.o -c "/Users/runewind/Documents/GitHub/Master/object detection/opencv-3.4.15/cmake/checks/cpu_avx512common.cpp"
/Users/runewind/Documents/GitHub/Master/object detection/opencv-3.4.15/cmake/checks/cpu_avx512common.cpp:12:2: error: "AVX512-COMMON is not supported"
#error "AVX512-COMMON is not supported"
 ^
1 error generated.
make[1]: *** [CMakeFiles/cmTC_aff81.dir/cpu_avx512common.cpp.o] Error 1
make: *** [cmTC_aff81/fast] Error 2


===== END =====

Compilation failed:
    source file: '/Users/runewind/Documents/GitHub/Master/object detection/opencv-3.4.15/cmake/checks/cpu_avx512knl.cpp'
    check option: ''
===== BUILD LOG =====
Change Dir: /Users/runewind/Documents/GitHub/Master/object detection/build_opencv/CMakeFiles/CMakeTmp

Run Build Command(s):/usr/bin/make -f Makefile cmTC_13069/fast && /Library/Developer/CommandLineTools/usr/bin/make  -f CMakeFiles/cmTC_13069.dir/build.make CMakeFiles/cmTC_13069.dir/build
Building CXX object CMakeFiles/cmTC_13069.dir/cpu_avx512knl.cpp.o
/Library/Developer/CommandLineTools/usr/bin/c++   -O3 -DNDEBUG -isysroot /Library/Developer/CommandLineTools/SDKs/MacOSX10.14.sdk -fPIE -MD -MT CMakeFiles/cmTC_13069.dir/cpu_avx512knl.cpp.o -MF CMakeFiles/cmTC_13069.dir/cpu_avx512knl.cpp.o.d -o CMakeFiles/cmTC_13069.dir/cpu_avx512knl.cpp.o -c "/Users/runewind/Documents/GitHub/Master/object detection/opencv-3.4.15/cmake/checks/cpu_avx512knl.cpp"
/Users/runewind/Documents/GitHub/Master/object detection/opencv-3.4.15/cmake/checks/cpu_avx512knl.cpp:14:2: error: "AVX512-KNL is not supported"
#error "AVX512-KNL is not supported"
 ^
1 error generated.
make[1]: *** [CMakeFiles/cmTC_13069.dir/cpu_avx512knl.cpp.o] Error 1
make: *** [cmTC_13069/fast] Error 2


===== END =====

Compilation failed:
    source file: '/Users/runewind/Documents/GitHub/Master/object detection/opencv-3.4.15/cmake/checks/cpu_avx512knm.cpp'
    check option: ''
===== BUILD LOG =====
Change Dir: /Users/runewind/Documents/GitHub/Master/object detection/build_opencv/CMakeFiles/CMakeTmp

Run Build Command(s):/usr/bin/make -f Makefile cmTC_ba8a9/fast && /Library/Developer/CommandLineTools/usr/bin/make  -f CMakeFiles/cmTC_ba8a9.dir/build.make CMakeFiles/cmTC_ba8a9.dir/build
Building CXX object CMakeFiles/cmTC_ba8a9.dir/cpu_avx512knm.cpp.o
/Library/Developer/CommandLineTools/usr/bin/c++   -O3 -DNDEBUG -isysroot /Library/Developer/CommandLineTools/SDKs/MacOSX10.14.sdk -fPIE -MD -MT CMakeFiles/cmTC_ba8a9.dir/cpu_avx512knm.cpp.o -MF CMakeFiles/cmTC_ba8a9.dir/cpu_avx512knm.cpp.o.d -o CMakeFiles/cmTC_ba8a9.dir/cpu_avx512knm.cpp.o -c "/Users/runewind/Documents/GitHub/Master/object detection/opencv-3.4.15/cmake/checks/cpu_avx512knm.cpp"
/Users/runewind/Documents/GitHub/Master/object detection/opencv-3.4.15/cmake/checks/cpu_avx512knm.cpp:15:2: error: "AVX512-KNM is not supported"
#error "AVX512-KNM is not supported"
 ^
1 error generated.
make[1]: *** [CMakeFiles/cmTC_ba8a9.dir/cpu_avx512knm.cpp.o] Error 1
make: *** [cmTC_ba8a9/fast] Error 2


===== END =====

Compilation failed:
    source file: '/Users/runewind/Documents/GitHub/Master/object detection/opencv-3.4.15/cmake/checks/cpu_avx512knm.cpp'
    check option: ' -mavx512f -mavx512cd -mavx512er -mavx512pf -mavx5124fmaps -mavx5124vnniw -mavx512vpopcntdq'
===== BUILD LOG =====
Change Dir: /Users/runewind/Documents/GitHub/Master/object detection/build_opencv/CMakeFiles/CMakeTmp

Run Build Command(s):/usr/bin/make -f Makefile cmTC_544ef/fast && /Library/Developer/CommandLineTools/usr/bin/make  -f CMakeFiles/cmTC_544ef.dir/build.make CMakeFiles/cmTC_544ef.dir/build
Building CXX object CMakeFiles/cmTC_544ef.dir/cpu_avx512knm.cpp.o
/Library/Developer/CommandLineTools/usr/bin/c++   -O3 -DNDEBUG -isysroot /Library/Developer/CommandLineTools/SDKs/MacOSX10.14.sdk -fPIE    -mavx512f -mavx512cd -mavx512er -mavx512pf -mavx5124fmaps -mavx5124vnniw -mavx512vpopcntdq -MD -MT CMakeFiles/cmTC_544ef.dir/cpu_avx512knm.cpp.o -MF CMakeFiles/cmTC_544ef.dir/cpu_avx512knm.cpp.o.d -o CMakeFiles/cmTC_544ef.dir/cpu_avx512knm.cpp.o -c "/Users/runewind/Documents/GitHub/Master/object detection/opencv-3.4.15/cmake/checks/cpu_avx512knm.cpp"
clang: error: unknown argument: '-mavx5124fmaps'
clang: error: unknown argument: '-mavx5124vnniw'
make[1]: *** [CMakeFiles/cmTC_544ef.dir/cpu_avx512knm.cpp.o] Error 1
make: *** [cmTC_544ef/fast] Error 2


===== END =====

Compilation failed:
    source file: '/Users/runewind/Documents/GitHub/Master/object detection/opencv-3.4.15/cmake/checks/cpu_avx512skx.cpp'
    check option: ''
===== BUILD LOG =====
Change Dir: /Users/runewind/Documents/GitHub/Master/object detection/build_opencv/CMakeFiles/CMakeTmp

Run Build Command(s):/usr/bin/make -f Makefile cmTC_18d30/fast && /Library/Developer/CommandLineTools/usr/bin/make  -f CMakeFiles/cmTC_18d30.dir/build.make CMakeFiles/cmTC_18d30.dir/build
Building CXX object CMakeFiles/cmTC_18d30.dir/cpu_avx512skx.cpp.o
/Library/Developer/CommandLineTools/usr/bin/c++   -O3 -DNDEBUG -isysroot /Library/Developer/CommandLineTools/SDKs/MacOSX10.14.sdk -fPIE -MD -MT CMakeFiles/cmTC_18d30.dir/cpu_avx512skx.cpp.o -MF CMakeFiles/cmTC_18d30.dir/cpu_avx512skx.cpp.o.d -o CMakeFiles/cmTC_18d30.dir/cpu_avx512skx.cpp.o -c "/Users/runewind/Documents/GitHub/Master/object detection/opencv-3.4.15/cmake/checks/cpu_avx512skx.cpp"
/Users/runewind/Documents/GitHub/Master/object detection/opencv-3.4.15/cmake/checks/cpu_avx512skx.cpp:30:2: error: "AVX512-SKX is not supported"
#error "AVX512-SKX is not supported"
 ^
1 error generated.
make[1]: *** [CMakeFiles/cmTC_18d30.dir/cpu_avx512skx.cpp.o] Error 1
make: *** [cmTC_18d30/fast] Error 2


===== END =====

Compilation failed:
    source file: '/Users/runewind/Documents/GitHub/Master/object detection/opencv-3.4.15/cmake/checks/cpu_avx512cnl.cpp'
    check option: ''
===== BUILD LOG =====
Change Dir: /Users/runewind/Documents/GitHub/Master/object detection/build_opencv/CMakeFiles/CMakeTmp

Run Build Command(s):/usr/bin/make -f Makefile cmTC_f08f0/fast && /Library/Developer/CommandLineTools/usr/bin/make  -f CMakeFiles/cmTC_f08f0.dir/build.make CMakeFiles/cmTC_f08f0.dir/build
Building CXX object CMakeFiles/cmTC_f08f0.dir/cpu_avx512cnl.cpp.o
/Library/Developer/CommandLineTools/usr/bin/c++   -O3 -DNDEBUG -isysroot /Library/Developer/CommandLineTools/SDKs/MacOSX10.14.sdk -fPIE -MD -MT CMakeFiles/cmTC_f08f0.dir/cpu_avx512cnl.cpp.o -MF CMakeFiles/cmTC_f08f0.dir/cpu_avx512cnl.cpp.o.d -o CMakeFiles/cmTC_f08f0.dir/cpu_avx512cnl.cpp.o -c "/Users/runewind/Documents/GitHub/Master/object detection/opencv-3.4.15/cmake/checks/cpu_avx512cnl.cpp"
/Users/runewind/Documents/GitHub/Master/object detection/opencv-3.4.15/cmake/checks/cpu_avx512cnl.cpp:10:2: error: "AVX512-CNL is not supported"
#error "AVX512-CNL is not supported"
 ^
1 error generated.
make[1]: *** [CMakeFiles/cmTC_f08f0.dir/cpu_avx512cnl.cpp.o] Error 1
make: *** [cmTC_f08f0/fast] Error 2


===== END =====

Compilation failed:
    source file: '/Users/runewind/Documents/GitHub/Master/object detection/opencv-3.4.15/cmake/checks/cpu_avx512clx.cpp'
    check option: ''
===== BUILD LOG =====
Change Dir: /Users/runewind/Documents/GitHub/Master/object detection/build_opencv/CMakeFiles/CMakeTmp

Run Build Command(s):/usr/bin/make -f Makefile cmTC_0cb04/fast && /Library/Developer/CommandLineTools/usr/bin/make  -f CMakeFiles/cmTC_0cb04.dir/build.make CMakeFiles/cmTC_0cb04.dir/build
Building CXX object CMakeFiles/cmTC_0cb04.dir/cpu_avx512clx.cpp.o
/Library/Developer/CommandLineTools/usr/bin/c++   -O3 -DNDEBUG -isysroot /Library/Developer/CommandLineTools/SDKs/MacOSX10.14.sdk -fPIE -MD -MT CMakeFiles/cmTC_0cb04.dir/cpu_avx512clx.cpp.o -MF CMakeFiles/cmTC_0cb04.dir/cpu_avx512clx.cpp.o.d -o CMakeFiles/cmTC_0cb04.dir/cpu_avx512clx.cpp.o -c "/Users/runewind/Documents/GitHub/Master/object detection/opencv-3.4.15/cmake/checks/cpu_avx512clx.cpp"
/Users/runewind/Documents/GitHub/Master/object detection/opencv-3.4.15/cmake/checks/cpu_avx512clx.cpp:9:2: error: "AVX512-CLX is not supported"
#error "AVX512-CLX is not supported"
 ^
1 error generated.
make[1]: *** [CMakeFiles/cmTC_0cb04.dir/cpu_avx512clx.cpp.o] Error 1
make: *** [cmTC_0cb04/fast] Error 2


===== END =====

Compilation failed:
    source file: '/Users/runewind/Documents/GitHub/Master/object detection/opencv-3.4.15/cmake/checks/cpu_avx512icl.cpp'
    check option: ''
===== BUILD LOG =====
Change Dir: /Users/runewind/Documents/GitHub/Master/object detection/build_opencv/CMakeFiles/CMakeTmp

Run Build Command(s):/usr/bin/make -f Makefile cmTC_36df3/fast && /Library/Developer/CommandLineTools/usr/bin/make  -f CMakeFiles/cmTC_36df3.dir/build.make CMakeFiles/cmTC_36df3.dir/build
Building CXX object CMakeFiles/cmTC_36df3.dir/cpu_avx512icl.cpp.o
/Library/Developer/CommandLineTools/usr/bin/c++   -O3 -DNDEBUG -isysroot /Library/Developer/CommandLineTools/SDKs/MacOSX10.14.sdk -fPIE -MD -MT CMakeFiles/cmTC_36df3.dir/cpu_avx512icl.cpp.o -MF CMakeFiles/cmTC_36df3.dir/cpu_avx512icl.cpp.o.d -o CMakeFiles/cmTC_36df3.dir/cpu_avx512icl.cpp.o -c "/Users/runewind/Documents/GitHub/Master/object detection/opencv-3.4.15/cmake/checks/cpu_avx512icl.cpp"
/Users/runewind/Documents/GitHub/Master/object detection/opencv-3.4.15/cmake/checks/cpu_avx512icl.cpp:12:2: error: "AVX512-ICL is not supported"
#error "AVX512-ICL is not supported"
 ^
1 error generated.
make[1]: *** [CMakeFiles/cmTC_36df3.dir/cpu_avx512icl.cpp.o] Error 1
make: *** [cmTC_36df3/fast] Error 2


===== END =====

Compilation failed:
    source file: '/Users/runewind/Documents/GitHub/Master/object detection/build_opencv/CMakeFiles/CMakeTmp/src.cxx'
    check option: ''
===== BUILD LOG =====
Change Dir: /Users/runewind/Documents/GitHub/Master/object detection/build_opencv/CMakeFiles/CMakeTmp

Run Build Command(s):/usr/bin/make -f Makefile cmTC_54379/fast && /Library/Developer/CommandLineTools/usr/bin/make  -f CMakeFiles/cmTC_54379.dir/build.make CMakeFiles/cmTC_54379.dir/build
Building CXX object CMakeFiles/cmTC_54379.dir/src.cxx.o
/Library/Developer/CommandLineTools/usr/bin/c++   -O3 -DNDEBUG -isysroot /Library/Developer/CommandLineTools/SDKs/MacOSX10.14.sdk -fPIE -MD -MT CMakeFiles/cmTC_54379.dir/src.cxx.o -MF CMakeFiles/cmTC_54379.dir/src.cxx.o.d -o CMakeFiles/cmTC_54379.dir/src.cxx.o -c "/Users/runewind/Documents/GitHub/Master/object detection/build_opencv/CMakeFiles/CMakeTmp/src.cxx"
Linking CXX executable cmTC_54379
/usr/local/Cellar/cmake/3.21.2/bin/cmake -E cmake_link_script CMakeFiles/cmTC_54379.dir/link.txt --verbose=1
/Library/Developer/CommandLineTools/usr/bin/c++ -O3 -DNDEBUG -isysroot /Library/Developer/CommandLineTools/SDKs/MacOSX10.14.sdk -Wl,-search_paths_first -Wl,-headerpad_max_install_names  -Wl,--as-needed  CMakeFiles/cmTC_54379.dir/src.cxx.o -o cmTC_54379 
ld: unknown option: --as-needed
clang: error: linker command failed with exit code 1 (use -v to see invocation)
make[1]: *** [cmTC_54379] Error 1
make: *** [cmTC_54379/fast] Error 2


===== END =====

Determining if the include file malloc.h exists failed with the following output:
Change Dir: /Users/runewind/Documents/GitHub/Master/object detection/build_opencv/CMakeFiles/CMakeTmp

Run Build Command(s):/usr/bin/make -f Makefile cmTC_15ffd/fast && /Library/Developer/CommandLineTools/usr/bin/make  -f CMakeFiles/cmTC_15ffd.dir/build.make CMakeFiles/cmTC_15ffd.dir/build
Building C object CMakeFiles/cmTC_15ffd.dir/CheckIncludeFile.c.o
/Library/Developer/CommandLineTools/usr/bin/cc   -fsigned-char -W -Wall -Werror=return-type -Werror=non-virtual-dtor -Werror=address -Werror=sequence-point -Wformat -Werror=format-security -Wmissing-declarations -Wmissing-prototypes -Wstrict-prototypes -Wundef -Winit-self -Wpointer-arith -Wshadow -Wsign-promo -Wuninitialized -Wno-delete-non-virtual-dtor -Wno-unnamed-type-template-args -Wno-comment -fdiagnostics-show-option -Wno-long-long -Qunused-arguments -Wno-semicolon-before-method-body -ffunction-sections -fdata-sections  -fvisibility=hidden -fvisibility-inlines-hidden  -O3 -DNDEBUG  -DNDEBUG -isysroot /Library/Developer/CommandLineTools/SDKs/MacOSX10.14.sdk -fPIE -MD -MT CMakeFiles/cmTC_15ffd.dir/CheckIncludeFile.c.o -MF CMakeFiles/cmTC_15ffd.dir/CheckIncludeFile.c.o.d -o CMakeFiles/cmTC_15ffd.dir/CheckIncludeFile.c.o -c "/Users/runewind/Documents/GitHub/Master/object detection/build_opencv/CMakeFiles/CMakeTmp/CheckIncludeFile.c"
/Users/runewind/Documents/GitHub/Master/object detection/build_opencv/CMakeFiles/CMakeTmp/CheckIncludeFile.c:1:10: fatal error: 'malloc.h' file not found
#include <malloc.h>
         ^~~~~~~~~~
1 error generated.
make[1]: *** [CMakeFiles/cmTC_15ffd.dir/CheckIncludeFile.c.o] Error 1
make: *** [cmTC_15ffd/fast] Error 2



Determining size of off64_t failed with the following output:
Change Dir: /Users/runewind/Documents/GitHub/Master/object detection/build_opencv/CMakeFiles/CMakeTmp

Run Build Command(s):/usr/bin/make -f Makefile cmTC_a89e3/fast && /Library/Developer/CommandLineTools/usr/bin/make  -f CMakeFiles/cmTC_a89e3.dir/build.make CMakeFiles/cmTC_a89e3.dir/build
Building C object CMakeFiles/cmTC_a89e3.dir/OFF64_T.c.o
/Library/Developer/CommandLineTools/usr/bin/cc   -fsigned-char -W -Wall -Werror=return-type -Werror=non-virtual-dtor -Werror=address -Werror=sequence-point -Wformat -Werror=format-security -Wmissing-declarations -Wmissing-prototypes -Wstrict-prototypes -Wundef -Winit-self -Wpointer-arith -Wshadow -Wsign-promo -Wuninitialized -Wno-delete-non-virtual-dtor -Wno-unnamed-type-template-args -Wno-comment -fdiagnostics-show-option -Wno-long-long -Qunused-arguments -Wno-semicolon-before-method-body -ffunction-sections -fdata-sections  -fvisibility=hidden -fvisibility-inlines-hidden  -O3 -DNDEBUG  -DNDEBUG -isysroot /Library/Developer/CommandLineTools/SDKs/MacOSX10.14.sdk -fPIE -MD -MT CMakeFiles/cmTC_a89e3.dir/OFF64_T.c.o -MF CMakeFiles/cmTC_a89e3.dir/OFF64_T.c.o.d -o CMakeFiles/cmTC_a89e3.dir/OFF64_T.c.o -c "/Users/runewind/Documents/GitHub/Master/object detection/build_opencv/CMakeFiles/CheckTypeSize/OFF64_T.c"
/Users/runewind/Documents/GitHub/Master/object detection/build_opencv/CMakeFiles/CheckTypeSize/OFF64_T.c:29:12: error: use of undeclared identifier 'off64_t'
  ('0' + ((SIZE / 10000)%10)),
           ^
/Users/runewind/Documents/GitHub/Master/object detection/build_opencv/CMakeFiles/CheckTypeSize/OFF64_T.c:27:22: note: expanded from macro 'SIZE'
#define SIZE (sizeof(off64_t))
                     ^
/Users/runewind/Documents/GitHub/Master/object detection/build_opencv/CMakeFiles/CheckTypeSize/OFF64_T.c:30:12: error: use of undeclared identifier 'off64_t'
  ('0' + ((SIZE / 1000)%10)),
           ^
/Users/runewind/Documents/GitHub/Master/object detection/build_opencv/CMakeFiles/CheckTypeSize/OFF64_T.c:27:22: note: expanded from macro 'SIZE'
#define SIZE (sizeof(off64_t))
                     ^
/Users/runewind/Documents/GitHub/Master/object detection/build_opencv/CMakeFiles/CheckTypeSize/OFF64_T.c:31:12: error: use of undeclared identifier 'off64_t'
  ('0' + ((SIZE / 100)%10)),
           ^
/Users/runewind/Documents/GitHub/Master/object detection/build_opencv/CMakeFiles/CheckTypeSize/OFF64_T.c:27:22: note: expanded from macro 'SIZE'
#define SIZE (sizeof(off64_t))
                     ^
/Users/runewind/Documents/GitHub/Master/object detection/build_opencv/CMakeFiles/CheckTypeSize/OFF64_T.c:32:12: error: use of undeclared identifier 'off64_t'
  ('0' + ((SIZE / 10)%10)),
           ^
/Users/runewind/Documents/GitHub/Master/object detection/build_opencv/CMakeFiles/CheckTypeSize/OFF64_T.c:27:22: note: expanded from macro 'SIZE'
#define SIZE (sizeof(off64_t))
                     ^
/Users/runewind/Documents/GitHub/Master/object detection/build_opencv/CMakeFiles/CheckTypeSize/OFF64_T.c:33:12: error: use of undeclared identifier 'off64_t'
  ('0' +  (SIZE    % 10)),
           ^
/Users/runewind/Documents/GitHub/Master/object detection/build_opencv/CMakeFiles/CheckTypeSize/OFF64_T.c:27:22: note: expanded from macro 'SIZE'
#define SIZE (sizeof(off64_t))
                     ^
5 errors generated.
make[1]: *** [CMakeFiles/cmTC_a89e3.dir/OFF64_T.c.o] Error 1
make: *** [cmTC_a89e3/fast] Error 2


/Users/runewind/Documents/GitHub/Master/object detection/build_opencv/CMakeFiles/CheckTypeSize/OFF64_T.c:
#include <sys/types.h>
#include <stdint.h>
#include <stddef.h>


#undef KEY
#if defined(__i386)
# define KEY '_','_','i','3','8','6'
#elif defined(__x86_64)
# define KEY '_','_','x','8','6','_','6','4'
#elif defined(__PPC64__)
# define KEY '_','_','P','P','C','6','4','_','_'
#elif defined(__ppc64__)
# define KEY '_','_','p','p','c','6','4','_','_'
#elif defined(__PPC__)
# define KEY '_','_','P','P','C','_','_'
#elif defined(__ppc__)
# define KEY '_','_','p','p','c','_','_'
#elif defined(__aarch64__)
# define KEY '_','_','a','a','r','c','h','6','4','_','_'
#elif defined(__ARM_ARCH_7A__)
# define KEY '_','_','A','R','M','_','A','R','C','H','_','7','A','_','_'
#elif defined(__ARM_ARCH_7S__)
# define KEY '_','_','A','R','M','_','A','R','C','H','_','7','S','_','_'
#endif

#define SIZE (sizeof(off64_t))
static char info_size[] =  {'I', 'N', 'F', 'O', ':', 's','i','z','e','[',
  ('0' + ((SIZE / 10000)%10)),
  ('0' + ((SIZE / 1000)%10)),
  ('0' + ((SIZE / 100)%10)),
  ('0' + ((SIZE / 10)%10)),
  ('0' +  (SIZE    % 10)),
  ']',
#ifdef KEY
  ' ','k','e','y','[', KEY, ']',
#endif
  '\0'};

#ifdef __CLASSIC_C__
int main(argc, argv) int argc; char *argv[];
#else
int main(int argc, char *argv[])
#endif
{
  int require = 0;
  require += info_size[argc];
  (void)argv;
  return require;
}


Determining if the include file io.h exists failed with the following output:
Change Dir: /Users/runewind/Documents/GitHub/Master/object detection/build_opencv/CMakeFiles/CMakeTmp

Run Build Command(s):/usr/bin/make -f Makefile cmTC_7c68b/fast && /Library/Developer/CommandLineTools/usr/bin/make  -f CMakeFiles/cmTC_7c68b.dir/build.make CMakeFiles/cmTC_7c68b.dir/build
Building C object CMakeFiles/cmTC_7c68b.dir/CheckIncludeFile.c.o
/Library/Developer/CommandLineTools/usr/bin/cc   -fsigned-char -W -Wall -Werror=return-type -Werror=non-virtual-dtor -Werror=address -Werror=sequence-point -Wformat -Werror=format-security -Wmissing-declarations -Wmissing-prototypes -Wstrict-prototypes -Wundef -Winit-self -Wpointer-arith -Wshadow -Wsign-promo -Wuninitialized -Wno-delete-non-virtual-dtor -Wno-unnamed-type-template-args -Wno-comment -fdiagnostics-show-option -Wno-long-long -Qunused-arguments -Wno-semicolon-before-method-body -ffunction-sections -fdata-sections  -fvisibility=hidden -fvisibility-inlines-hidden  -O3 -DNDEBUG  -DNDEBUG -isysroot /Library/Developer/CommandLineTools/SDKs/MacOSX10.14.sdk -fPIE -MD -MT CMakeFiles/cmTC_7c68b.dir/CheckIncludeFile.c.o -MF CMakeFiles/cmTC_7c68b.dir/CheckIncludeFile.c.o.d -o CMakeFiles/cmTC_7c68b.dir/CheckIncludeFile.c.o -c "/Users/runewind/Documents/GitHub/Master/object detection/build_opencv/CMakeFiles/CMakeTmp/CheckIncludeFile.c"
/Users/runewind/Documents/GitHub/Master/object detection/build_opencv/CMakeFiles/CMakeTmp/CheckIncludeFile.c:1:10: fatal error: 'io.h' file not found
#include <io.h>
         ^~~~~~
1 error generated.
make[1]: *** [CMakeFiles/cmTC_7c68b.dir/CheckIncludeFile.c.o] Error 1
make: *** [cmTC_7c68b/fast] Error 2



Determining size of INT8 failed with the following output:
Change Dir: /Users/runewind/Documents/GitHub/Master/object detection/build_opencv/CMakeFiles/CMakeTmp

Run Build Command(s):/usr/bin/make -f Makefile cmTC_ed696/fast && /Library/Developer/CommandLineTools/usr/bin/make  -f CMakeFiles/cmTC_ed696.dir/build.make CMakeFiles/cmTC_ed696.dir/build
Building C object CMakeFiles/cmTC_ed696.dir/int8.c.o
/Library/Developer/CommandLineTools/usr/bin/cc   -fsigned-char -W -Wall -Werror=return-type -Werror=non-virtual-dtor -Werror=address -Werror=sequence-point -Wformat -Werror=format-security -Wmissing-declarations -Wmissing-prototypes -Wstrict-prototypes -Wundef -Winit-self -Wpointer-arith -Wshadow -Wsign-promo -Wuninitialized -Wno-delete-non-virtual-dtor -Wno-unnamed-type-template-args -Wno-comment -fdiagnostics-show-option -Wno-long-long -Qunused-arguments -Wno-semicolon-before-method-body -ffunction-sections -fdata-sections  -fvisibility=hidden -fvisibility-inlines-hidden  -O3 -DNDEBUG  -DNDEBUG -isysroot /Library/Developer/CommandLineTools/SDKs/MacOSX10.14.sdk -fPIE -MD -MT CMakeFiles/cmTC_ed696.dir/int8.c.o -MF CMakeFiles/cmTC_ed696.dir/int8.c.o.d -o CMakeFiles/cmTC_ed696.dir/int8.c.o -c "/Users/runewind/Documents/GitHub/Master/object detection/build_opencv/CMakeFiles/CheckTypeSize/int8.c"
/Users/runewind/Documents/GitHub/Master/object detection/build_opencv/CMakeFiles/CheckTypeSize/int8.c:29:12: error: use of undeclared identifier 'INT8'
  ('0' + ((SIZE / 10000)%10)),
           ^
/Users/runewind/Documents/GitHub/Master/object detection/build_opencv/CMakeFiles/CheckTypeSize/int8.c:27:22: note: expanded from macro 'SIZE'
#define SIZE (sizeof(INT8))
                     ^
/Users/runewind/Documents/GitHub/Master/object detection/build_opencv/CMakeFiles/CheckTypeSize/int8.c:30:12: error: use of undeclared identifier 'INT8'
  ('0' + ((SIZE / 1000)%10)),
           ^
/Users/runewind/Documents/GitHub/Master/object detection/build_opencv/CMakeFiles/CheckTypeSize/int8.c:27:22: note: expanded from macro 'SIZE'
#define SIZE (sizeof(INT8))
                     ^
/Users/runewind/Documents/GitHub/Master/object detection/build_opencv/CMakeFiles/CheckTypeSize/int8.c:31:12: error: use of undeclared identifier 'INT8'
  ('0' + ((SIZE / 100)%10)),
           ^
/Users/runewind/Documents/GitHub/Master/object detection/build_opencv/CMakeFiles/CheckTypeSize/int8.c:27:22: note: expanded from macro 'SIZE'
#define SIZE (sizeof(INT8))
                     ^
/Users/runewind/Documents/GitHub/Master/object detection/build_opencv/CMakeFiles/CheckTypeSize/int8.c:32:12: error: use of undeclared identifier 'INT8'
  ('0' + ((SIZE / 10)%10)),
           ^
/Users/runewind/Documents/GitHub/Master/object detection/build_opencv/CMakeFiles/CheckTypeSize/int8.c:27:22: note: expanded from macro 'SIZE'
#define SIZE (sizeof(INT8))
                     ^
/Users/runewind/Documents/GitHub/Master/object detection/build_opencv/CMakeFiles/CheckTypeSize/int8.c:33:12: error: use of undeclared identifier 'INT8'
  ('0' +  (SIZE    % 10)),
           ^
/Users/runewind/Documents/GitHub/Master/object detection/build_opencv/CMakeFiles/CheckTypeSize/int8.c:27:22: note: expanded from macro 'SIZE'
#define SIZE (sizeof(INT8))
                     ^
5 errors generated.
make[1]: *** [CMakeFiles/cmTC_ed696.dir/int8.c.o] Error 1
make: *** [cmTC_ed696/fast] Error 2


/Users/runewind/Documents/GitHub/Master/object detection/build_opencv/CMakeFiles/CheckTypeSize/int8.c:
#include <sys/types.h>
#include <stdint.h>
#include <stddef.h>


#undef KEY
#if defined(__i386)
# define KEY '_','_','i','3','8','6'
#elif defined(__x86_64)
# define KEY '_','_','x','8','6','_','6','4'
#elif defined(__PPC64__)
# define KEY '_','_','P','P','C','6','4','_','_'
#elif defined(__ppc64__)
# define KEY '_','_','p','p','c','6','4','_','_'
#elif defined(__PPC__)
# define KEY '_','_','P','P','C','_','_'
#elif defined(__ppc__)
# define KEY '_','_','p','p','c','_','_'
#elif defined(__aarch64__)
# define KEY '_','_','a','a','r','c','h','6','4','_','_'
#elif defined(__ARM_ARCH_7A__)
# define KEY '_','_','A','R','M','_','A','R','C','H','_','7','A','_','_'
#elif defined(__ARM_ARCH_7S__)
# define KEY '_','_','A','R','M','_','A','R','C','H','_','7','S','_','_'
#endif

#define SIZE (sizeof(INT8))
static char info_size[] =  {'I', 'N', 'F', 'O', ':', 's','i','z','e','[',
  ('0' + ((SIZE / 10000)%10)),
  ('0' + ((SIZE / 1000)%10)),
  ('0' + ((SIZE / 100)%10)),
  ('0' + ((SIZE / 10)%10)),
  ('0' +  (SIZE    % 10)),
  ']',
#ifdef KEY
  ' ','k','e','y','[', KEY, ']',
#endif
  '\0'};

#ifdef __CLASSIC_C__
int main(argc, argv) int argc; char *argv[];
#else
int main(int argc, char *argv[])
#endif
{
  int require = 0;
  require += info_size[argc];
  (void)argv;
  return require;
}


Determining size of INT16 failed with the following output:
Change Dir: /Users/runewind/Documents/GitHub/Master/object detection/build_opencv/CMakeFiles/CMakeTmp

Run Build Command(s):/usr/bin/make -f Makefile cmTC_77e67/fast && /Library/Developer/CommandLineTools/usr/bin/make  -f CMakeFiles/cmTC_77e67.dir/build.make CMakeFiles/cmTC_77e67.dir/build
Building C object CMakeFiles/cmTC_77e67.dir/int16.c.o
/Library/Developer/CommandLineTools/usr/bin/cc   -fsigned-char -W -Wall -Werror=return-type -Werror=non-virtual-dtor -Werror=address -Werror=sequence-point -Wformat -Werror=format-security -Wmissing-declarations -Wmissing-prototypes -Wstrict-prototypes -Wundef -Winit-self -Wpointer-arith -Wshadow -Wsign-promo -Wuninitialized -Wno-delete-non-virtual-dtor -Wno-unnamed-type-template-args -Wno-comment -fdiagnostics-show-option -Wno-long-long -Qunused-arguments -Wno-semicolon-before-method-body -ffunction-sections -fdata-sections  -fvisibility=hidden -fvisibility-inlines-hidden  -O3 -DNDEBUG  -DNDEBUG -isysroot /Library/Developer/CommandLineTools/SDKs/MacOSX10.14.sdk -fPIE -MD -MT CMakeFiles/cmTC_77e67.dir/int16.c.o -MF CMakeFiles/cmTC_77e67.dir/int16.c.o.d -o CMakeFiles/cmTC_77e67.dir/int16.c.o -c "/Users/runewind/Documents/GitHub/Master/object detection/build_opencv/CMakeFiles/CheckTypeSize/int16.c"
/Users/runewind/Documents/GitHub/Master/object detection/build_opencv/CMakeFiles/CheckTypeSize/int16.c:29:12: error: use of undeclared identifier 'INT16'
  ('0' + ((SIZE / 10000)%10)),
           ^
/Users/runewind/Documents/GitHub/Master/object detection/build_opencv/CMakeFiles/CheckTypeSize/int16.c:27:22: note: expanded from macro 'SIZE'
#define SIZE (sizeof(INT16))
                     ^
/Users/runewind/Documents/GitHub/Master/object detection/build_opencv/CMakeFiles/CheckTypeSize/int16.c:30:12: error: use of undeclared identifier 'INT16'
  ('0' + ((SIZE / 1000)%10)),
           ^
/Users/runewind/Documents/GitHub/Master/object detection/build_opencv/CMakeFiles/CheckTypeSize/int16.c:27:22: note: expanded from macro 'SIZE'
#define SIZE (sizeof(INT16))
                     ^
/Users/runewind/Documents/GitHub/Master/object detection/build_opencv/CMakeFiles/CheckTypeSize/int16.c:31:12: error: use of undeclared identifier 'INT16'
  ('0' + ((SIZE / 100)%10)),
           ^
/Users/runewind/Documents/GitHub/Master/object detection/build_opencv/CMakeFiles/CheckTypeSize/int16.c:27:22: note: expanded from macro 'SIZE'
#define SIZE (sizeof(INT16))
                     ^
/Users/runewind/Documents/GitHub/Master/object detection/build_opencv/CMakeFiles/CheckTypeSize/int16.c:32:12: error: use of undeclared identifier 'INT16'
  ('0' + ((SIZE / 10)%10)),
           ^
/Users/runewind/Documents/GitHub/Master/object detection/build_opencv/CMakeFiles/CheckTypeSize/int16.c:27:22: note: expanded from macro 'SIZE'
#define SIZE (sizeof(INT16))
                     ^
/Users/runewind/Documents/GitHub/Master/object detection/build_opencv/CMakeFiles/CheckTypeSize/int16.c:33:12: error: use of undeclared identifier 'INT16'
  ('0' +  (SIZE    % 10)),
           ^
/Users/runewind/Documents/GitHub/Master/object detection/build_opencv/CMakeFiles/CheckTypeSize/int16.c:27:22: note: expanded from macro 'SIZE'
#define SIZE (sizeof(INT16))
                     ^
5 errors generated.
make[1]: *** [CMakeFiles/cmTC_77e67.dir/int16.c.o] Error 1
make: *** [cmTC_77e67/fast] Error 2


/Users/runewind/Documents/GitHub/Master/object detection/build_opencv/CMakeFiles/CheckTypeSize/int16.c:
#include <sys/types.h>
#include <stdint.h>
#include <stddef.h>


#undef KEY
#if defined(__i386)
# define KEY '_','_','i','3','8','6'
#elif defined(__x86_64)
# define KEY '_','_','x','8','6','_','6','4'
#elif defined(__PPC64__)
# define KEY '_','_','P','P','C','6','4','_','_'
#elif defined(__ppc64__)
# define KEY '_','_','p','p','c','6','4','_','_'
#elif defined(__PPC__)
# define KEY '_','_','P','P','C','_','_'
#elif defined(__ppc__)
# define KEY '_','_','p','p','c','_','_'
#elif defined(__aarch64__)
# define KEY '_','_','a','a','r','c','h','6','4','_','_'
#elif defined(__ARM_ARCH_7A__)
# define KEY '_','_','A','R','M','_','A','R','C','H','_','7','A','_','_'
#elif defined(__ARM_ARCH_7S__)
# define KEY '_','_','A','R','M','_','A','R','C','H','_','7','S','_','_'
#endif

#define SIZE (sizeof(INT16))
static char info_size[] =  {'I', 'N', 'F', 'O', ':', 's','i','z','e','[',
  ('0' + ((SIZE / 10000)%10)),
  ('0' + ((SIZE / 1000)%10)),
  ('0' + ((SIZE / 100)%10)),
  ('0' + ((SIZE / 10)%10)),
  ('0' +  (SIZE    % 10)),
  ']',
#ifdef KEY
  ' ','k','e','y','[', KEY, ']',
#endif
  '\0'};

#ifdef __CLASSIC_C__
int main(argc, argv) int argc; char *argv[];
#else
int main(int argc, char *argv[])
#endif
{
  int require = 0;
  require += info_size[argc];
  (void)argv;
  return require;
}


Determining size of INT32 failed with the following output:
Change Dir: /Users/runewind/Documents/GitHub/Master/object detection/build_opencv/CMakeFiles/CMakeTmp

Run Build Command(s):/usr/bin/make -f Makefile cmTC_ac8d3/fast && /Library/Developer/CommandLineTools/usr/bin/make  -f CMakeFiles/cmTC_ac8d3.dir/build.make CMakeFiles/cmTC_ac8d3.dir/build
Building C object CMakeFiles/cmTC_ac8d3.dir/int32.c.o
/Library/Developer/CommandLineTools/usr/bin/cc   -fsigned-char -W -Wall -Werror=return-type -Werror=non-virtual-dtor -Werror=address -Werror=sequence-point -Wformat -Werror=format-security -Wmissing-declarations -Wmissing-prototypes -Wstrict-prototypes -Wundef -Winit-self -Wpointer-arith -Wshadow -Wsign-promo -Wuninitialized -Wno-delete-non-virtual-dtor -Wno-unnamed-type-template-args -Wno-comment -fdiagnostics-show-option -Wno-long-long -Qunused-arguments -Wno-semicolon-before-method-body -ffunction-sections -fdata-sections  -fvisibility=hidden -fvisibility-inlines-hidden  -O3 -DNDEBUG  -DNDEBUG -isysroot /Library/Developer/CommandLineTools/SDKs/MacOSX10.14.sdk -fPIE -MD -MT CMakeFiles/cmTC_ac8d3.dir/int32.c.o -MF CMakeFiles/cmTC_ac8d3.dir/int32.c.o.d -o CMakeFiles/cmTC_ac8d3.dir/int32.c.o -c "/Users/runewind/Documents/GitHub/Master/object detection/build_opencv/CMakeFiles/CheckTypeSize/int32.c"
/Users/runewind/Documents/GitHub/Master/object detection/build_opencv/CMakeFiles/CheckTypeSize/int32.c:29:12: error: use of undeclared identifier 'INT32'
  ('0' + ((SIZE / 10000)%10)),
           ^
/Users/runewind/Documents/GitHub/Master/object detection/build_opencv/CMakeFiles/CheckTypeSize/int32.c:27:22: note: expanded from macro 'SIZE'
#define SIZE (sizeof(INT32))
                     ^
/Users/runewind/Documents/GitHub/Master/object detection/build_opencv/CMakeFiles/CheckTypeSize/int32.c:30:12: error: use of undeclared identifier 'INT32'
  ('0' + ((SIZE / 1000)%10)),
           ^
/Users/runewind/Documents/GitHub/Master/object detection/build_opencv/CMakeFiles/CheckTypeSize/int32.c:27:22: note: expanded from macro 'SIZE'
#define SIZE (sizeof(INT32))
                     ^
/Users/runewind/Documents/GitHub/Master/object detection/build_opencv/CMakeFiles/CheckTypeSize/int32.c:31:12: error: use of undeclared identifier 'INT32'
  ('0' + ((SIZE / 100)%10)),
           ^
/Users/runewind/Documents/GitHub/Master/object detection/build_opencv/CMakeFiles/CheckTypeSize/int32.c:27:22: note: expanded from macro 'SIZE'
#define SIZE (sizeof(INT32))
                     ^
/Users/runewind/Documents/GitHub/Master/object detection/build_opencv/CMakeFiles/CheckTypeSize/int32.c:32:12: error: use of undeclared identifier 'INT32'
  ('0' + ((SIZE / 10)%10)),
           ^
/Users/runewind/Documents/GitHub/Master/object detection/build_opencv/CMakeFiles/CheckTypeSize/int32.c:27:22: note: expanded from macro 'SIZE'
#define SIZE (sizeof(INT32))
                     ^
/Users/runewind/Documents/GitHub/Master/object detection/build_opencv/CMakeFiles/CheckTypeSize/int32.c:33:12: error: use of undeclared identifier 'INT32'
  ('0' +  (SIZE    % 10)),
           ^
/Users/runewind/Documents/GitHub/Master/object detection/build_opencv/CMakeFiles/CheckTypeSize/int32.c:27:22: note: expanded from macro 'SIZE'
#define SIZE (sizeof(INT32))
                     ^
5 errors generated.
make[1]: *** [CMakeFiles/cmTC_ac8d3.dir/int32.c.o] Error 1
make: *** [cmTC_ac8d3/fast] Error 2


/Users/runewind/Documents/GitHub/Master/object detection/build_opencv/CMakeFiles/CheckTypeSize/int32.c:
#include <sys/types.h>
#include <stdint.h>
#include <stddef.h>


#undef KEY
#if defined(__i386)
# define KEY '_','_','i','3','8','6'
#elif defined(__x86_64)
# define KEY '_','_','x','8','6','_','6','4'
#elif defined(__PPC64__)
# define KEY '_','_','P','P','C','6','4','_','_'
#elif defined(__ppc64__)
# define KEY '_','_','p','p','c','6','4','_','_'
#elif defined(__PPC__)
# define KEY '_','_','P','P','C','_','_'
#elif defined(__ppc__)
# define KEY '_','_','p','p','c','_','_'
#elif defined(__aarch64__)
# define KEY '_','_','a','a','r','c','h','6','4','_','_'
#elif defined(__ARM_ARCH_7A__)
# define KEY '_','_','A','R','M','_','A','R','C','H','_','7','A','_','_'
#elif defined(__ARM_ARCH_7S__)
# define KEY '_','_','A','R','M','_','A','R','C','H','_','7','S','_','_'
#endif

#define SIZE (sizeof(INT32))
static char info_size[] =  {'I', 'N', 'F', 'O', ':', 's','i','z','e','[',
  ('0' + ((SIZE / 10000)%10)),
  ('0' + ((SIZE / 1000)%10)),
  ('0' + ((SIZE / 100)%10)),
  ('0' + ((SIZE / 10)%10)),
  ('0' +  (SIZE    % 10)),
  ']',
#ifdef KEY
  ' ','k','e','y','[', KEY, ']',
#endif
  '\0'};

#ifdef __CLASSIC_C__
int main(argc, argv) int argc; char *argv[];
#else
int main(int argc, char *argv[])
#endif
{
  int require = 0;
  require += info_size[argc];
  (void)argv;
  return require;
}


Build output check failed:
    Regex: 'unknown .*option'
    Output line: 'warning: unknown warning option '-Wno-unused-but-set-variable', did you mean '-Wno-unused-const-variable'? [-Wunknown-warning-option]'
Compilation failed:
    source file: '/Users/runewind/Documents/GitHub/Master/object detection/build_opencv/CMakeFiles/CMakeTmp/src.c'
    check option: ' -Wno-unused-but-set-variable'
===== BUILD LOG =====
Change Dir: /Users/runewind/Documents/GitHub/Master/object detection/build_opencv/CMakeFiles/CMakeTmp

Run Build Command(s):/usr/bin/make -f Makefile cmTC_a40bc/fast && /Library/Developer/CommandLineTools/usr/bin/make  -f CMakeFiles/cmTC_a40bc.dir/build.make CMakeFiles/cmTC_a40bc.dir/build
Building C object CMakeFiles/cmTC_a40bc.dir/src.c.o
/Library/Developer/CommandLineTools/usr/bin/cc   -fsigned-char -W -Wall -Werror=return-type -Werror=non-virtual-dtor -Werror=address -Werror=sequence-point -Wformat -Werror=format-security -Wmissing-declarations -Wmissing-prototypes -Wstrict-prototypes -Wundef -Winit-self -Wpointer-arith -Wshadow -Wsign-promo -Wuninitialized -Wno-delete-non-virtual-dtor -Wno-unnamed-type-template-args -Wno-comment -fdiagnostics-show-option -Wno-long-long -Qunused-arguments -Wno-semicolon-before-method-body -ffunction-sections -fdata-sections  -fvisibility=hidden -fvisibility-inlines-hidden  -O3 -DNDEBUG  -DNDEBUG -isysroot /Library/Developer/CommandLineTools/SDKs/MacOSX10.14.sdk -fPIE    -Wno-unused-but-set-variable -MD -MT CMakeFiles/cmTC_a40bc.dir/src.c.o -MF CMakeFiles/cmTC_a40bc.dir/src.c.o.d -o CMakeFiles/cmTC_a40bc.dir/src.c.o -c "/Users/runewind/Documents/GitHub/Master/object detection/build_opencv/CMakeFiles/CMakeTmp/src.c"
warning: unknown warning option '-Wno-unused-but-set-variable'; did you mean '-Wno-unused-const-variable'? [-Wunknown-warning-option]
/Users/runewind/Documents/GitHub/Master/object detection/build_opencv/CMakeFiles/CMakeTmp/src.c:1:8: warning: unknown pragma ignored [-Wunknown-pragmas]
#pragma
       ^
2 warnings generated.
Linking C executable cmTC_a40bc
/usr/local/Cellar/cmake/3.21.2/bin/cmake -E cmake_link_script CMakeFiles/cmTC_a40bc.dir/link.txt --verbose=1
/Library/Developer/CommandLineTools/usr/bin/cc    -fsigned-char -W -Wall -Werror=return-type -Werror=non-virtual-dtor -Werror=address -Werror=sequence-point -Wformat -Werror=format-security -Wmissing-declarations -Wmissing-prototypes -Wstrict-prototypes -Wundef -Winit-self -Wpointer-arith -Wshadow -Wsign-promo -Wuninitialized -Wno-delete-non-virtual-dtor -Wno-unnamed-type-template-args -Wno-comment -fdiagnostics-show-option -Wno-long-long -Qunused-arguments -Wno-semicolon-before-method-body -ffunction-sections -fdata-sections  -fvisibility=hidden -fvisibility-inlines-hidden  -O3 -DNDEBUG  -DNDEBUG -isysroot /Library/Developer/CommandLineTools/SDKs/MacOSX10.14.sdk -Wl,-search_paths_first -Wl,-headerpad_max_install_names   -Wl,-dead_strip  CMakeFiles/cmTC_a40bc.dir/src.c.o -o cmTC_a40bc 


===== END =====

Build output check failed:
    Regex: 'unknown .*option'
    Output line: 'warning: unknown warning option '-Wno-maybe-uninitialized', did you mean '-Wno-uninitialized'? [-Wunknown-warning-option]'
Compilation failed:
    source file: '/Users/runewind/Documents/GitHub/Master/object detection/build_opencv/CMakeFiles/CMakeTmp/src.c'
    check option: ' -Wno-maybe-uninitialized'
===== BUILD LOG =====
Change Dir: /Users/runewind/Documents/GitHub/Master/object detection/build_opencv/CMakeFiles/CMakeTmp

Run Build Command(s):/usr/bin/make -f Makefile cmTC_28d1b/fast && /Library/Developer/CommandLineTools/usr/bin/make  -f CMakeFiles/cmTC_28d1b.dir/build.make CMakeFiles/cmTC_28d1b.dir/build
Building C object CMakeFiles/cmTC_28d1b.dir/src.c.o
/Library/Developer/CommandLineTools/usr/bin/cc   -fsigned-char -W -Wall -Werror=return-type -Werror=non-virtual-dtor -Werror=address -Werror=sequence-point -Wformat -Werror=format-security -Wstrict-prototypes -Winit-self -Wpointer-arith -Wsign-promo -Wuninitialized -Wno-delete-non-virtual-dtor -Wno-unnamed-type-template-args -Wno-comment -fdiagnostics-show-option -Wno-long-long -Qunused-arguments -Wno-semicolon-before-method-body -ffunction-sections -fdata-sections  -fvisibility=hidden -fvisibility-inlines-hidden -Wno-missing-prototypes -Wno-missing-declarations -Wno-undef -Wno-unused -Wno-sign-compare -Wno-cast-align -Wno-shadow  -O3 -DNDEBUG  -DNDEBUG -isysroot /Library/Developer/CommandLineTools/SDKs/MacOSX10.14.sdk -fPIE    -Wno-maybe-uninitialized -MD -MT CMakeFiles/cmTC_28d1b.dir/src.c.o -MF CMakeFiles/cmTC_28d1b.dir/src.c.o.d -o CMakeFiles/cmTC_28d1b.dir/src.c.o -c "/Users/runewind/Documents/GitHub/Master/object detection/build_opencv/CMakeFiles/CMakeTmp/src.c"
warning: unknown warning option '-Wno-maybe-uninitialized'; did you mean '-Wno-uninitialized'? [-Wunknown-warning-option]
/Users/runewind/Documents/GitHub/Master/object detection/build_opencv/CMakeFiles/CMakeTmp/src.c:1:8: warning: unknown pragma ignored [-Wunknown-pragmas]
#pragma
       ^
2 warnings generated.
Linking C executable cmTC_28d1b
/usr/local/Cellar/cmake/3.21.2/bin/cmake -E cmake_link_script CMakeFiles/cmTC_28d1b.dir/link.txt --verbose=1
/Library/Developer/CommandLineTools/usr/bin/cc    -fsigned-char -W -Wall -Werror=return-type -Werror=non-virtual-dtor -Werror=address -Werror=sequence-point -Wformat -Werror=format-security -Wstrict-prototypes -Winit-self -Wpointer-arith -Wsign-promo -Wuninitialized -Wno-delete-non-virtual-dtor -Wno-unnamed-type-template-args -Wno-comment -fdiagnostics-show-option -Wno-long-long -Qunused-arguments -Wno-semicolon-before-method-body -ffunction-sections -fdata-sections  -fvisibility=hidden -fvisibility-inlines-hidden -Wno-missing-prototypes -Wno-missing-declarations -Wno-undef -Wno-unused -Wno-sign-compare -Wno-cast-align -Wno-shadow  -O3 -DNDEBUG  -DNDEBUG -isysroot /Library/Developer/CommandLineTools/SDKs/MacOSX10.14.sdk -Wl,-search_paths_first -Wl,-headerpad_max_install_names   -Wl,-dead_strip  CMakeFiles/cmTC_28d1b.dir/src.c.o -o cmTC_28d1b 


===== END =====

Build output check failed:
    Regex: 'unknown .*option'
    Output line: 'warning: unknown warning option '-Wno-misleading-indentation', did you mean '-Wno-binding-in-condition'? [-Wunknown-warning-option]'
Compilation failed:
    source file: '/Users/runewind/Documents/GitHub/Master/object detection/build_opencv/CMakeFiles/CMakeTmp/src.c'
    check option: ' -Wno-misleading-indentation'
===== BUILD LOG =====
Change Dir: /Users/runewind/Documents/GitHub/Master/object detection/build_opencv/CMakeFiles/CMakeTmp

Run Build Command(s):/usr/bin/make -f Makefile cmTC_35e75/fast && /Library/Developer/CommandLineTools/usr/bin/make  -f CMakeFiles/cmTC_35e75.dir/build.make CMakeFiles/cmTC_35e75.dir/build
Building C object CMakeFiles/cmTC_35e75.dir/src.c.o
/Library/Developer/CommandLineTools/usr/bin/cc   -fsigned-char -W -Wall -Werror=return-type -Werror=non-virtual-dtor -Werror=address -Werror=sequence-point -Wformat -Werror=format-security -Wstrict-prototypes -Winit-self -Wpointer-arith -Wsign-promo -Wuninitialized -Wno-delete-non-virtual-dtor -Wno-unnamed-type-template-args -Wno-comment -fdiagnostics-show-option -Wno-long-long -Qunused-arguments -Wno-semicolon-before-method-body -ffunction-sections -fdata-sections  -fvisibility=hidden -fvisibility-inlines-hidden -Wno-missing-prototypes -Wno-missing-declarations -Wno-undef -Wno-unused -Wno-sign-compare -Wno-cast-align -Wno-shadow -Wno-pointer-to-int-cast -Wno-int-to-pointer-cast  -O3 -DNDEBUG  -DNDEBUG -isysroot /Library/Developer/CommandLineTools/SDKs/MacOSX10.14.sdk -fPIE    -Wno-misleading-indentation -MD -MT CMakeFiles/cmTC_35e75.dir/src.c.o -MF CMakeFiles/cmTC_35e75.dir/src.c.o.d -o CMakeFiles/cmTC_35e75.dir/src.c.o -c "/Users/runewind/Documents/GitHub/Master/object detection/build_opencv/CMakeFiles/CMakeTmp/src.c"
warning: unknown warning option '-Wno-misleading-indentation'; did you mean '-Wno-binding-in-condition'? [-Wunknown-warning-option]
/Users/runewind/Documents/GitHub/Master/object detection/build_opencv/CMakeFiles/CMakeTmp/src.c:1:8: warning: unknown pragma ignored [-Wunknown-pragmas]
#pragma
       ^
2 warnings generated.
Linking C executable cmTC_35e75
/usr/local/Cellar/cmake/3.21.2/bin/cmake -E cmake_link_script CMakeFiles/cmTC_35e75.dir/link.txt --verbose=1
/Library/Developer/CommandLineTools/usr/bin/cc    -fsigned-char -W -Wall -Werror=return-type -Werror=non-virtual-dtor -Werror=address -Werror=sequence-point -Wformat -Werror=format-security -Wstrict-prototypes -Winit-self -Wpointer-arith -Wsign-promo -Wuninitialized -Wno-delete-non-virtual-dtor -Wno-unnamed-type-template-args -Wno-comment -fdiagnostics-show-option -Wno-long-long -Qunused-arguments -Wno-semicolon-before-method-body -ffunction-sections -fdata-sections  -fvisibility=hidden -fvisibility-inlines-hidden -Wno-missing-prototypes -Wno-missing-declarations -Wno-undef -Wno-unused -Wno-sign-compare -Wno-cast-align -Wno-shadow -Wno-pointer-to-int-cast -Wno-int-to-pointer-cast  -O3 -DNDEBUG  -DNDEBUG -isysroot /Library/Developer/CommandLineTools/SDKs/MacOSX10.14.sdk -Wl,-search_paths_first -Wl,-headerpad_max_install_names   -Wl,-dead_strip  CMakeFiles/cmTC_35e75.dir/src.c.o -o cmTC_35e75 


===== END =====

Build output check failed:
    Regex: 'unknown .*option'
    Output line: 'warning: unknown warning option '-Wno-unused-but-set-parameter', did you mean '-Wno-unused-parameter'? [-Wunknown-warning-option]'
Compilation failed:
    source file: '/Users/runewind/Documents/GitHub/Master/object detection/build_opencv/CMakeFiles/CMakeTmp/src.c'
    check option: ' -Wno-unused-but-set-parameter'
===== BUILD LOG =====
Change Dir: /Users/runewind/Documents/GitHub/Master/object detection/build_opencv/CMakeFiles/CMakeTmp

Run Build Command(s):/usr/bin/make -f Makefile cmTC_8e3cf/fast && /Library/Developer/CommandLineTools/usr/bin/make  -f CMakeFiles/cmTC_8e3cf.dir/build.make CMakeFiles/cmTC_8e3cf.dir/build
Building C object CMakeFiles/cmTC_8e3cf.dir/src.c.o
/Library/Developer/CommandLineTools/usr/bin/cc   -fsigned-char -W -Wall -Werror=return-type -Werror=non-virtual-dtor -Werror=address -Werror=sequence-point -Wformat -Werror=format-security -Wmissing-declarations -Wstrict-prototypes -Wundef -Winit-self -Wpointer-arith -Wshadow -Wsign-promo -Wuninitialized -Wno-delete-non-virtual-dtor -Wno-unnamed-type-template-args -Wno-comment -fdiagnostics-show-option -Wno-long-long -Qunused-arguments -Wno-semicolon-before-method-body -ffunction-sections -fdata-sections  -fvisibility=hidden -fvisibility-inlines-hidden -Wno-implicit-function-declaration -Wno-uninitialized -Wno-missing-prototypes  -O3 -DNDEBUG  -DNDEBUG -isysroot /Library/Developer/CommandLineTools/SDKs/MacOSX10.14.sdk -fPIE    -Wno-unused-but-set-parameter -MD -MT CMakeFiles/cmTC_8e3cf.dir/src.c.o -MF CMakeFiles/cmTC_8e3cf.dir/src.c.o.d -o CMakeFiles/cmTC_8e3cf.dir/src.c.o -c "/Users/runewind/Documents/GitHub/Master/object detection/build_opencv/CMakeFiles/CMakeTmp/src.c"
warning: unknown warning option '-Wno-unused-but-set-parameter'; did you mean '-Wno-unused-parameter'? [-Wunknown-warning-option]
/Users/runewind/Documents/GitHub/Master/object detection/build_opencv/CMakeFiles/CMakeTmp/src.c:1:8: warning: unknown pragma ignored [-Wunknown-pragmas]
#pragma
       ^
2 warnings generated.
Linking C executable cmTC_8e3cf
/usr/local/Cellar/cmake/3.21.2/bin/cmake -E cmake_link_script CMakeFiles/cmTC_8e3cf.dir/link.txt --verbose=1
/Library/Developer/CommandLineTools/usr/bin/cc    -fsigned-char -W -Wall -Werror=return-type -Werror=non-virtual-dtor -Werror=address -Werror=sequence-point -Wformat -Werror=format-security -Wmissing-declarations -Wstrict-prototypes -Wundef -Winit-self -Wpointer-arith -Wshadow -Wsign-promo -Wuninitialized -Wno-delete-non-virtual-dtor -Wno-unnamed-type-template-args -Wno-comment -fdiagnostics-show-option -Wno-long-long -Qunused-arguments -Wno-semicolon-before-method-body -ffunction-sections -fdata-sections  -fvisibility=hidden -fvisibility-inlines-hidden -Wno-implicit-function-declaration -Wno-uninitialized -Wno-missing-prototypes  -O3 -DNDEBUG  -DNDEBUG -isysroot /Library/Developer/CommandLineTools/SDKs/MacOSX10.14.sdk -Wl,-search_paths_first -Wl,-headerpad_max_install_names   -Wl,-dead_strip  CMakeFiles/cmTC_8e3cf.dir/src.c.o -o cmTC_8e3cf 


===== END =====

Build output check failed:
    Regex: 'unknown .*option'
    Output line: 'warning: unknown warning option '-Wno-pointer-compare' [-Wunknown-warning-option]'
Compilation failed:
    source file: '/Users/runewind/Documents/GitHub/Master/object detection/build_opencv/CMakeFiles/CMakeTmp/src.c'
    check option: ' -Wno-pointer-compare'
===== BUILD LOG =====
Change Dir: /Users/runewind/Documents/GitHub/Master/object detection/build_opencv/CMakeFiles/CMakeTmp

Run Build Command(s):/usr/bin/make -f Makefile cmTC_d962c/fast && /Library/Developer/CommandLineTools/usr/bin/make  -f CMakeFiles/cmTC_d962c.dir/build.make CMakeFiles/cmTC_d962c.dir/build
Building C object CMakeFiles/cmTC_d962c.dir/src.c.o
/Library/Developer/CommandLineTools/usr/bin/cc   -fsigned-char -W -Wall -Werror=return-type -Werror=non-virtual-dtor -Werror=address -Werror=sequence-point -Wformat -Werror=format-security -Wstrict-prototypes -Wundef -Winit-self -Wpointer-arith -Wsign-promo -Wuninitialized -Wno-delete-non-virtual-dtor -Wno-unnamed-type-template-args -Wno-comment -fdiagnostics-show-option -Wno-long-long -Qunused-arguments -Wno-semicolon-before-method-body -ffunction-sections -fdata-sections  -fvisibility=hidden -fvisibility-inlines-hidden -Wno-implicit-function-declaration -Wno-uninitialized -Wno-missing-prototypes -Wno-missing-declarations -Wno-unused -Wno-shadow -Wno-sign-compare -Wno-strict-overflow  -O3 -DNDEBUG  -DNDEBUG -isysroot /Library/Developer/CommandLineTools/SDKs/MacOSX10.14.sdk -fPIE    -Wno-pointer-compare -MD -MT CMakeFiles/cmTC_d962c.dir/src.c.o -MF CMakeFiles/cmTC_d962c.dir/src.c.o.d -o CMakeFiles/cmTC_d962c.dir/src.c.o -c "/Users/runewind/Documents/GitHub/Master/object detection/build_opencv/CMakeFiles/CMakeTmp/src.c"
warning: unknown warning option '-Wno-pointer-compare' [-Wunknown-warning-option]
/Users/runewind/Documents/GitHub/Master/object detection/build_opencv/CMakeFiles/CMakeTmp/src.c:1:8: warning: unknown pragma ignored [-Wunknown-pragmas]
#pragma
       ^
2 warnings generated.
Linking C executable cmTC_d962c
/usr/local/Cellar/cmake/3.21.2/bin/cmake -E cmake_link_script CMakeFiles/cmTC_d962c.dir/link.txt --verbose=1
/Library/Developer/CommandLineTools/usr/bin/cc    -fsigned-char -W -Wall -Werror=return-type -Werror=non-virtual-dtor -Werror=address -Werror=sequence-point -Wformat -Werror=format-security -Wstrict-prototypes -Wundef -Winit-self -Wpointer-arith -Wsign-promo -Wuninitialized -Wno-delete-non-virtual-dtor -Wno-unnamed-type-template-args -Wno-comment -fdiagnostics-show-option -Wno-long-long -Qunused-arguments -Wno-semicolon-before-method-body -ffunction-sections -fdata-sections  -fvisibility=hidden -fvisibility-inlines-hidden -Wno-implicit-function-declaration -Wno-uninitialized -Wno-missing-prototypes -Wno-missing-declarations -Wno-unused -Wno-shadow -Wno-sign-compare -Wno-strict-overflow  -O3 -DNDEBUG  -DNDEBUG -isysroot /Library/Developer/CommandLineTools/SDKs/MacOSX10.14.sdk -Wl,-search_paths_first -Wl,-headerpad_max_install_names   -Wl,-dead_strip  CMakeFiles/cmTC_d962c.dir/src.c.o -o cmTC_d962c 


===== END =====

Build output check failed:
    Regex: 'unknown .*option'
    Output line: 'warning: unknown warning option '-Wno-misleading-indentation', did you mean '-Wno-binding-in-condition'? [-Wunknown-warning-option]'
Compilation failed:
    source file: '/Users/runewind/Documents/GitHub/Master/object detection/build_opencv/CMakeFiles/CMakeTmp/src.cxx'
    check option: ' -Wno-misleading-indentation'
===== BUILD LOG =====
Change Dir: /Users/runewind/Documents/GitHub/Master/object detection/build_opencv/CMakeFiles/CMakeTmp

Run Build Command(s):/usr/bin/make -f Makefile cmTC_8676f/fast && /Library/Developer/CommandLineTools/usr/bin/make  -f CMakeFiles/cmTC_8676f.dir/build.make CMakeFiles/cmTC_8676f.dir/build
Building CXX object CMakeFiles/cmTC_8676f.dir/src.cxx.o
/Library/Developer/CommandLineTools/usr/bin/c++   -fsigned-char -W -Wall -Werror=return-type -Werror=non-virtual-dtor -Werror=address -Werror=sequence-point -Wformat -Werror=format-security -Wmissing-prototypes -Wstrict-prototypes -Winit-self -Wpointer-arith -Wsign-promo -Wno-delete-non-virtual-dtor -Wno-unnamed-type-template-args -Wno-comment -fdiagnostics-show-option -Wno-long-long -Qunused-arguments -Wno-semicolon-before-method-body -ffunction-sections -fdata-sections  -fvisibility=hidden -fvisibility-inlines-hidden -std=c++11 -Wno-shadow -Wno-unused -Wno-sign-compare -Wno-undef -Wno-missing-declarations -Wno-uninitialized -Wno-switch -Wno-parentheses -Wno-array-bounds -Wno-extra -Wno-deprecated-declarations  -O3 -DNDEBUG  -DNDEBUG -isysroot /Library/Developer/CommandLineTools/SDKs/MacOSX10.14.sdk -fPIE    -Wno-misleading-indentation -MD -MT CMakeFiles/cmTC_8676f.dir/src.cxx.o -MF CMakeFiles/cmTC_8676f.dir/src.cxx.o.d -o CMakeFiles/cmTC_8676f.dir/src.cxx.o -c "/Users/runewind/Documents/GitHub/Master/object detection/build_opencv/CMakeFiles/CMakeTmp/src.cxx"
warning: unknown warning option '-Wno-misleading-indentation'; did you mean '-Wno-binding-in-condition'? [-Wunknown-warning-option]
/Users/runewind/Documents/GitHub/Master/object detection/build_opencv/CMakeFiles/CMakeTmp/src.cxx:1:8: warning: unknown pragma ignored [-Wunknown-pragmas]
#pragma
       ^
2 warnings generated.
Linking CXX executable cmTC_8676f
/usr/local/Cellar/cmake/3.21.2/bin/cmake -E cmake_link_script CMakeFiles/cmTC_8676f.dir/link.txt --verbose=1
/Library/Developer/CommandLineTools/usr/bin/c++    -fsigned-char -W -Wall -Werror=return-type -Werror=non-virtual-dtor -Werror=address -Werror=sequence-point -Wformat -Werror=format-security -Wmissing-prototypes -Wstrict-prototypes -Winit-self -Wpointer-arith -Wsign-promo -Wno-delete-non-virtual-dtor -Wno-unnamed-type-template-args -Wno-comment -fdiagnostics-show-option -Wno-long-long -Qunused-arguments -Wno-semicolon-before-method-body -ffunction-sections -fdata-sections  -fvisibility=hidden -fvisibility-inlines-hidden -std=c++11 -Wno-shadow -Wno-unused -Wno-sign-compare -Wno-undef -Wno-missing-declarations -Wno-uninitialized -Wno-switch -Wno-parentheses -Wno-array-bounds -Wno-extra -Wno-deprecated-declarations  -O3 -DNDEBUG  -DNDEBUG -isysroot /Library/Developer/CommandLineTools/SDKs/MacOSX10.14.sdk -Wl,-search_paths_first -Wl,-headerpad_max_install_names   -Wl,-dead_strip  CMakeFiles/cmTC_8676f.dir/src.cxx.o -o cmTC_8676f 


===== END =====

Build output check failed:
    Regex: 'unknown .*option'
    Output line: 'warning: unknown warning option '-Wno-suggest-override', did you mean '-Wno-shift-overflow'? [-Wunknown-warning-option]'
Compilation failed:
    source file: '/Users/runewind/Documents/GitHub/Master/object detection/build_opencv/CMakeFiles/CMakeTmp/src.cxx'
    check option: ' -Wno-suggest-override'
===== BUILD LOG =====
Change Dir: /Users/runewind/Documents/GitHub/Master/object detection/build_opencv/CMakeFiles/CMakeTmp

Run Build Command(s):/usr/bin/make -f Makefile cmTC_da67b/fast && /Library/Developer/CommandLineTools/usr/bin/make  -f CMakeFiles/cmTC_da67b.dir/build.make CMakeFiles/cmTC_da67b.dir/build
Building CXX object CMakeFiles/cmTC_da67b.dir/src.cxx.o
/Library/Developer/CommandLineTools/usr/bin/c++   -fsigned-char -W -Wall -Werror=return-type -Werror=non-virtual-dtor -Werror=address -Werror=sequence-point -Wformat -Werror=format-security -Wmissing-prototypes -Wstrict-prototypes -Winit-self -Wpointer-arith -Wsign-promo -Wno-delete-non-virtual-dtor -Wno-unnamed-type-template-args -Wno-comment -fdiagnostics-show-option -Wno-long-long -Qunused-arguments -Wno-semicolon-before-method-body -ffunction-sections -fdata-sections  -fvisibility=hidden -fvisibility-inlines-hidden -std=c++11 -Wno-shadow -Wno-unused -Wno-sign-compare -Wno-undef -Wno-missing-declarations -Wno-uninitialized -Wno-switch -Wno-parentheses -Wno-array-bounds -Wno-extra -Wno-deprecated-declarations -Wno-deprecated  -O3 -DNDEBUG  -DNDEBUG -isysroot /Library/Developer/CommandLineTools/SDKs/MacOSX10.14.sdk -fPIE    -Wno-suggest-override -MD -MT CMakeFiles/cmTC_da67b.dir/src.cxx.o -MF CMakeFiles/cmTC_da67b.dir/src.cxx.o.d -o CMakeFiles/cmTC_da67b.dir/src.cxx.o -c "/Users/runewind/Documents/GitHub/Master/object detection/build_opencv/CMakeFiles/CMakeTmp/src.cxx"
warning: unknown warning option '-Wno-suggest-override'; did you mean '-Wno-shift-overflow'? [-Wunknown-warning-option]
/Users/runewind/Documents/GitHub/Master/object detection/build_opencv/CMakeFiles/CMakeTmp/src.cxx:1:8: warning: unknown pragma ignored [-Wunknown-pragmas]
#pragma
       ^
2 warnings generated.
Linking CXX executable cmTC_da67b
/usr/local/Cellar/cmake/3.21.2/bin/cmake -E cmake_link_script CMakeFiles/cmTC_da67b.dir/link.txt --verbose=1
/Library/Developer/CommandLineTools/usr/bin/c++    -fsigned-char -W -Wall -Werror=return-type -Werror=non-virtual-dtor -Werror=address -Werror=sequence-point -Wformat -Werror=format-security -Wmissing-prototypes -Wstrict-prototypes -Winit-self -Wpointer-arith -Wsign-promo -Wno-delete-non-virtual-dtor -Wno-unnamed-type-template-args -Wno-comment -fdiagnostics-show-option -Wno-long-long -Qunused-arguments -Wno-semicolon-before-method-body -ffunction-sections -fdata-sections  -fvisibility=hidden -fvisibility-inlines-hidden -std=c++11 -Wno-shadow -Wno-unused -Wno-sign-compare -Wno-undef -Wno-missing-declarations -Wno-uninitialized -Wno-switch -Wno-parentheses -Wno-array-bounds -Wno-extra -Wno-deprecated-declarations -Wno-deprecated  -O3 -DNDEBUG  -DNDEBUG -isysroot /Library/Developer/CommandLineTools/SDKs/MacOSX10.14.sdk -Wl,-search_paths_first -Wl,-headerpad_max_install_names   -Wl,-dead_strip  CMakeFiles/cmTC_da67b.dir/src.cxx.o -o cmTC_da67b 


===== END =====

Determining if the function sgemm_ exists failed with the following output:
Change Dir: /Users/runewind/Documents/GitHub/Master/object detection/build_opencv/CMakeFiles/CMakeTmp

Run Build Command(s):/usr/bin/make -f Makefile cmTC_12036/fast && /Library/Developer/CommandLineTools/usr/bin/make  -f CMakeFiles/cmTC_12036.dir/build.make CMakeFiles/cmTC_12036.dir/build
Building C object CMakeFiles/cmTC_12036.dir/CheckFunctionExists.c.o
/Library/Developer/CommandLineTools/usr/bin/cc   -fsigned-char -W -Wall -Werror=return-type -Werror=non-virtual-dtor -Werror=address -Werror=sequence-point -Wformat -Werror=format-security -Wmissing-declarations -Wmissing-prototypes -Wstrict-prototypes -Wundef -Winit-self -Wpointer-arith -Wshadow -Wsign-promo -Wuninitialized -Wno-delete-non-virtual-dtor -Wno-unnamed-type-template-args -Wno-comment -fdiagnostics-show-option -Wno-long-long -Qunused-arguments -Wno-semicolon-before-method-body -ffunction-sections -fdata-sections  -fvisibility=hidden -fvisibility-inlines-hidden -DCHECK_FUNCTION_EXISTS=sgemm_ -O3 -DNDEBUG  -DNDEBUG -isysroot /Library/Developer/CommandLineTools/SDKs/MacOSX10.14.sdk -fPIE -MD -MT CMakeFiles/cmTC_12036.dir/CheckFunctionExists.c.o -MF CMakeFiles/cmTC_12036.dir/CheckFunctionExists.c.o.d -o CMakeFiles/cmTC_12036.dir/CheckFunctionExists.c.o -c /usr/local/Cellar/cmake/3.21.2/share/cmake/Modules/CheckFunctionExists.c
Linking C executable cmTC_12036
/usr/local/Cellar/cmake/3.21.2/bin/cmake -E cmake_link_script CMakeFiles/cmTC_12036.dir/link.txt --verbose=1
/Library/Developer/CommandLineTools/usr/bin/cc    -fsigned-char -W -Wall -Werror=return-type -Werror=non-virtual-dtor -Werror=address -Werror=sequence-point -Wformat -Werror=format-security -Wmissing-declarations -Wmissing-prototypes -Wstrict-prototypes -Wundef -Winit-self -Wpointer-arith -Wshadow -Wsign-promo -Wuninitialized -Wno-delete-non-virtual-dtor -Wno-unnamed-type-template-args -Wno-comment -fdiagnostics-show-option -Wno-long-long -Qunused-arguments -Wno-semicolon-before-method-body -ffunction-sections -fdata-sections  -fvisibility=hidden -fvisibility-inlines-hidden -DCHECK_FUNCTION_EXISTS=sgemm_ -O3 -DNDEBUG  -DNDEBUG -isysroot /Library/Developer/CommandLineTools/SDKs/MacOSX10.14.sdk -Wl,-search_paths_first -Wl,-headerpad_max_install_names   -Wl,-dead_strip  CMakeFiles/cmTC_12036.dir/CheckFunctionExists.c.o -o cmTC_12036 
Undefined symbols for architecture x86_64:
  "_sgemm_", referenced from:
      _main in CheckFunctionExists.c.o
ld: symbol(s) not found for architecture x86_64
clang: error: linker command failed with exit code 1 (use -v to see invocation)
make[1]: *** [cmTC_12036] Error 1
make: *** [cmTC_12036/fast] Error 2



